#
# There is insufficient memory for the Java Runtime Environment to continue.
# Native memory allocation (malloc) failed to allocate 32744 bytes. Error detail: Chunk::new
# Possible reasons:
#   The system is out of physical RAM or swap space
#   This process is running with CompressedOops enabled, and the Java Heap may be blocking the growth of the native heap
# Possible solutions:
#   Reduce memory load on the system
#   Increase physical memory or swap space
#   Check if swap backing store is full
#   Decrease Java heap size (-Xmx/-Xms)
#   Decrease number of Java threads
#   Decrease Java thread stack sizes (-Xss)
#   Set larger code cache with -XX:ReservedCodeCacheSize=
#   JVM is running with Unscaled Compressed Oops mode in which the Java heap is
#     placed in the first 4GB address space. The Java Heap base address is the
#     maximum limit for the native heap growth. Please use -XX:HeapBaseMinAddress
#     to set the Java Heap base and to place the Java Heap above 4GB virtual address.
# This output file may be truncated or incomplete.
#
#  Out of Memory Error (arena.cpp:168), pid=25968, tid=2108
#
# JRE version: OpenJDK Runtime Environment Temurin-21.0.9+10 (21.0.9+10) (build 21.0.9+10-LTS)
# Java VM: OpenJDK 64-Bit Server VM Temurin-21.0.9+10 (21.0.9+10-LTS, mixed mode, sharing, tiered, compressed oops, compressed class ptrs, parallel gc, windows-amd64)
# No core dump will be written. Minidumps are not enabled by default on client versions of Windows
#

---------------  S U M M A R Y ------------

Command Line: --add-modules=ALL-SYSTEM --add-opens=java.base/java.util=ALL-UNNAMED --add-opens=java.base/java.lang=ALL-UNNAMED --add-opens=java.base/sun.nio.fs=ALL-UNNAMED -Declipse.application=org.eclipse.jdt.ls.core.id1 -Dosgi.bundles.defaultStartLevel=4 -Declipse.product=org.eclipse.jdt.ls.core.product -Djava.import.generatesMetadataFilesAtProjectRoot=false -DDetectVMInstallationsJob.disabled=true -Dfile.encoding=utf8 -XX:+UseParallelGC -XX:GCTimeRatio=4 -XX:AdaptiveSizePolicyWeight=90 -Dsun.zip.disableMemoryMapping=true -Xmx2G -Xms100m -Xlog:disable -javaagent:c:\Users\PMLS\.vscode\extensions\redhat.java-1.50.0-win32-x64\lombok\lombok-1.18.39-4050.jar c:\Users\PMLS\.vscode\extensions\redhat.java-1.50.0-win32-x64\server\plugins\org.eclipse.equinox.launcher_1.7.100.v20251111-0406.jar -configuration c:\Users\PMLS\AppData\Roaming\Code\User\globalStorage\redhat.java\1.50.0\config_ss_win -data c:\Users\PMLS\AppData\Roaming\Code\User\workspaceStorage\7947e04c10c4d7256db6ba00224ee892\redhat.java\ss_ws --pipe=\\.\pipe\lsp-52a908b05d9c92b21ba7df27a8f6d3e3-sock

Host: 12th Gen Intel(R) Core(TM) i5-1235U, 12 cores, 7G,  Windows 11 , 64 bit Build 26100 (10.0.26100.7019)
Time: Tue Dec  2 03:37:46 2025 Pakistan Standard Time elapsed time: 363.657926 seconds (0d 0h 6m 3s)

---------------  T H R E A D  ---------------

Current thread (0x0000017362770210):  JavaThread "C2 CompilerThread1" daemon [_thread_in_native, id=2108, stack(0x0000001b6a900000,0x0000001b6aa00000) (1024K)]


Current CompileTask:
C2:363657 4807       4       org.eclipse.osgi.container.Module::getCurrentRevision (8 bytes)

Stack: [0x0000001b6a900000,0x0000001b6aa00000]
Native frames: (J=compiled Java code, j=interpreted, Vv=VM code, C=native code)
V  [jvm.dll+0x6d6e29]
V  [jvm.dll+0x8b4b76]
V  [jvm.dll+0x8b712e]
V  [jvm.dll+0x8b7813]
V  [jvm.dll+0x283d86]
V  [jvm.dll+0xc66ed]
V  [jvm.dll+0xc6c31]
V  [jvm.dll+0x7028ed]
V  [jvm.dll+0x1e3e2a]
V  [jvm.dll+0x24c0f3]
V  [jvm.dll+0x24b580]
V  [jvm.dll+0x1cb13e]
V  [jvm.dll+0x25b29d]
V  [jvm.dll+0x25982a]
V  [jvm.dll+0x3f7ea6]
V  [jvm.dll+0x85e9ad]
V  [jvm.dll+0x6d565d]
C  [ucrtbase.dll+0x37b0]
C  [KERNEL32.DLL+0x2e8d7]
C  [ntdll.dll+0x8c53c]


---------------  P R O C E S S  ---------------

Threads class SMR info:
_java_thread_list=0x00000173620055a0, length=34, elements={
0x000001734559dd90, 0x000001734554e360, 0x000001736200b5e0, 0x00000173620106d0,
0x0000017362013390, 0x00000173620161e0, 0x0000017362016c30, 0x0000017362017a60,
0x00000173620891a0, 0x0000017362234210, 0x0000017362355d40, 0x0000017362d1a920,
0x0000017362043320, 0x0000017362b0c010, 0x00000173624f8e00, 0x00000173639b6380,
0x00000173639b3c20, 0x00000173639b6a10, 0x00000173639b3590, 0x00000173639b42b0,
0x00000173639b5cf0, 0x00000173639b4940, 0x00000173639b4fd0, 0x00000173639b5660,
0x00000173637542c0, 0x0000017363754fe0, 0x0000017363753c30, 0x0000017363754950,
0x0000017363755d00, 0x00000173637535a0, 0x0000017363752f10, 0x0000017363756390,
0x0000017363756a20, 0x0000017362770210
}

Java Threads: ( => current thread )
  0x000001734559dd90 JavaThread "main"                              [_thread_blocked, id=16424, stack(0x0000001b68800000,0x0000001b68900000) (1024K)]
  0x000001734554e360 JavaThread "Reference Handler"          daemon [_thread_blocked, id=23336, stack(0x0000001b68c00000,0x0000001b68d00000) (1024K)]
  0x000001736200b5e0 JavaThread "Finalizer"                  daemon [_thread_blocked, id=13648, stack(0x0000001b68d00000,0x0000001b68e00000) (1024K)]
  0x00000173620106d0 JavaThread "Signal Dispatcher"          daemon [_thread_blocked, id=6436, stack(0x0000001b68e00000,0x0000001b68f00000) (1024K)]
  0x0000017362013390 JavaThread "Attach Listener"            daemon [_thread_blocked, id=16780, stack(0x0000001b68f00000,0x0000001b69000000) (1024K)]
  0x00000173620161e0 JavaThread "Service Thread"             daemon [_thread_blocked, id=5796, stack(0x0000001b69000000,0x0000001b69100000) (1024K)]
  0x0000017362016c30 JavaThread "Monitor Deflation Thread"   daemon [_thread_blocked, id=21836, stack(0x0000001b69100000,0x0000001b69200000) (1024K)]
  0x0000017362017a60 JavaThread "C2 CompilerThread0"         daemon [_thread_blocked, id=11520, stack(0x0000001b69200000,0x0000001b69300000) (1024K)]
  0x00000173620891a0 JavaThread "C1 CompilerThread0"         daemon [_thread_blocked, id=1472, stack(0x0000001b69300000,0x0000001b69400000) (1024K)]
  0x0000017362234210 JavaThread "Common-Cleaner"             daemon [_thread_blocked, id=28468, stack(0x0000001b69400000,0x0000001b69500000) (1024K)]
  0x0000017362355d40 JavaThread "Notification Thread"        daemon [_thread_blocked, id=6092, stack(0x0000001b69500000,0x0000001b69600000) (1024K)]
  0x0000017362d1a920 JavaThread "Active Thread: Equinox Container: f217417e-d53a-4f43-ab7f-228c49bae7bf"        [_thread_blocked, id=16272, stack(0x0000001b69d00000,0x0000001b69e00000) (1024K)]
  0x0000017362043320 JavaThread "Framework Event Dispatcher: Equinox Container: f217417e-d53a-4f43-ab7f-228c49bae7bf" daemon [_thread_blocked, id=21540, stack(0x0000001b69600000,0x0000001b69700000) (1024K)]
  0x0000017362b0c010 JavaThread "Start Level: Equinox Container: f217417e-d53a-4f43-ab7f-228c49bae7bf" daemon [_thread_blocked, id=24612, stack(0x0000001b69e00000,0x0000001b69f00000) (1024K)]
  0x00000173624f8e00 JavaThread "JNA Cleaner"                daemon [_thread_blocked, id=5228, stack(0x0000001b6a400000,0x0000001b6a500000) (1024K)]
  0x00000173639b6380 JavaThread "Thread-1"                   daemon [_thread_in_native, id=11156, stack(0x0000001b6ac00000,0x0000001b6ad00000) (1024K)]
  0x00000173639b3c20 JavaThread "Thread-2"                   daemon [_thread_in_native, id=18992, stack(0x0000001b6ad00000,0x0000001b6ae00000) (1024K)]
  0x00000173639b6a10 JavaThread "Thread-3"                   daemon [_thread_in_native, id=9588, stack(0x0000001b6ae00000,0x0000001b6af00000) (1024K)]
  0x00000173639b3590 JavaThread "Thread-4"                   daemon [_thread_in_native, id=18428, stack(0x0000001b6af00000,0x0000001b6b000000) (1024K)]
  0x00000173639b42b0 JavaThread "Thread-5"                   daemon [_thread_in_native, id=26792, stack(0x0000001b6b000000,0x0000001b6b100000) (1024K)]
  0x00000173639b5cf0 JavaThread "Thread-6"                   daemon [_thread_in_native, id=5272, stack(0x0000001b6b100000,0x0000001b6b200000) (1024K)]
  0x00000173639b4940 JavaThread "Thread-7"                   daemon [_thread_in_native, id=19392, stack(0x0000001b6b200000,0x0000001b6b300000) (1024K)]
  0x00000173639b4fd0 JavaThread "Thread-8"                   daemon [_thread_in_native, id=12672, stack(0x0000001b6b300000,0x0000001b6b400000) (1024K)]
  0x00000173639b5660 JavaThread "Thread-9"                   daemon [_thread_in_native, id=5304, stack(0x0000001b6b400000,0x0000001b6b500000) (1024K)]
  0x00000173637542c0 JavaThread "Thread-10"                  daemon [_thread_in_native, id=5692, stack(0x0000001b6b500000,0x0000001b6b600000) (1024K)]
  0x0000017363754fe0 JavaThread "Thread-11"                  daemon [_thread_in_native, id=4780, stack(0x0000001b6b600000,0x0000001b6b700000) (1024K)]
  0x0000017363753c30 JavaThread "Thread-12"                  daemon [_thread_in_native, id=10192, stack(0x0000001b6b700000,0x0000001b6b800000) (1024K)]
  0x0000017363754950 JavaThread "Thread-13"                  daemon [_thread_in_native, id=21916, stack(0x0000001b6b800000,0x0000001b6b900000) (1024K)]
  0x0000017363755d00 JavaThread "pool-2-thread-1"                   [_thread_blocked, id=25556, stack(0x0000001b6b900000,0x0000001b6ba00000) (1024K)]
  0x00000173637535a0 JavaThread "WorkspaceEventsHandler"            [_thread_blocked, id=24804, stack(0x0000001b6ba00000,0x0000001b6bb00000) (1024K)]
  0x0000017363752f10 JavaThread "pool-1-thread-1"                   [_thread_blocked, id=21276, stack(0x0000001b6bb00000,0x0000001b6bc00000) (1024K)]
  0x0000017363756390 JavaThread "pool-3-thread-1"                   [_thread_blocked, id=22776, stack(0x0000001b68700000,0x0000001b68800000) (1024K)]
  0x0000017363756a20 JavaThread "Framework stop - Equinox Container: f217417e-d53a-4f43-ab7f-228c49bae7bf"        [_thread_in_Java, id=24820, stack(0x0000001b6a700000,0x0000001b6a800000) (1024K)]
=>0x0000017362770210 JavaThread "C2 CompilerThread1"         daemon [_thread_in_native, id=2108, stack(0x0000001b6a900000,0x0000001b6aa00000) (1024K)]
Total: 34

Other Threads:
  0x0000017345534960 VMThread "VM Thread"                           [id=16724, stack(0x0000001b68b00000,0x0000001b68c00000) (1024K)]
  0x000001734542ca00 WatcherThread "VM Periodic Task Thread"        [id=27596, stack(0x0000001b68a00000,0x0000001b68b00000) (1024K)]
  0x00000173455bc070 WorkerThread "GC Thread#0"                     [id=21352, stack(0x0000001b68900000,0x0000001b68a00000) (1024K)]
  0x0000017362ae0f10 WorkerThread "GC Thread#1"                     [id=4284, stack(0x0000001b69700000,0x0000001b69800000) (1024K)]
  0x00000173628cd840 WorkerThread "GC Thread#2"                     [id=18524, stack(0x0000001b69800000,0x0000001b69900000) (1024K)]
  0x0000017362884220 WorkerThread "GC Thread#3"                     [id=26440, stack(0x0000001b69900000,0x0000001b69a00000) (1024K)]
  0x0000017362b14850 WorkerThread "GC Thread#4"                     [id=19008, stack(0x0000001b69a00000,0x0000001b69b00000) (1024K)]
  0x0000017362377930 WorkerThread "GC Thread#5"                     [id=11592, stack(0x0000001b69b00000,0x0000001b69c00000) (1024K)]
  0x0000017362377cd0 WorkerThread "GC Thread#6"                     [id=28052, stack(0x0000001b69c00000,0x0000001b69d00000) (1024K)]
  0x000001736207c6f0 WorkerThread "GC Thread#7"                     [id=22864, stack(0x0000001b69f00000,0x0000001b6a000000) (1024K)]
  0x0000017362c15960 WorkerThread "GC Thread#8"                     [id=524, stack(0x0000001b6a200000,0x0000001b6a300000) (1024K)]
  0x0000017362c167e0 WorkerThread "GC Thread#9"                     [id=10120, stack(0x0000001b6a300000,0x0000001b6a400000) (1024K)]
Total: 12

Threads with active compile tasks:
C2 CompilerThread1  364700 4807       4       org.eclipse.osgi.container.Module::getCurrentRevision (8 bytes)
Total: 1

VM state: not at safepoint (normal execution)

VM Mutex/Monitor currently owned by a thread: None

Heap address: 0x0000000080000000, size: 2048 MB, Compressed Oops mode: 32-bit

CDS archive(s) mapped at: [0x0000017300000000-0x0000017300ba0000-0x0000017300ba0000), size 12189696, SharedBaseAddress: 0x0000017300000000, ArchiveRelocationMode: 1.
Compressed class space mapped at: 0x0000017301000000-0x0000017341000000, reserved size: 1073741824
Narrow klass base: 0x0000017300000000, Narrow klass shift: 0, Narrow klass range: 0x100000000

GC Precious Log:
 CardTable entry size: 512
 CPUs: 12 total, 12 available
 Memory: 7916M
 Large Page Support: Disabled
 NUMA Support: Disabled
 Compressed Oops: Enabled (32-bit)
 Alignments: Space 512K, Generation 512K, Heap 2M
 Heap Min Capacity: 100M
 Heap Initial Capacity: 100M
 Heap Max Capacity: 2G
 Pre-touch: Disabled
 Parallel Workers: 10

Heap:
 PSYoungGen      total 19456K, used 6540K [0x00000000d5580000, 0x00000000d6b80000, 0x0000000100000000)
  eden space 18432K, 33% used [0x00000000d5580000,0x00000000d5b9b0a0,0x00000000d6780000)
  from space 1024K, 28% used [0x00000000d6980000,0x00000000d69c8000,0x00000000d6a80000)
  to   space 512K, 0% used [0x00000000d6b00000,0x00000000d6b00000,0x00000000d6b80000)
 ParOldGen       total 68608K, used 31105K [0x0000000080000000, 0x0000000084300000, 0x00000000d5580000)
  object space 68608K, 45% used [0x0000000080000000,0x0000000081e60458,0x0000000084300000)
 Metaspace       used 38324K, committed 39168K, reserved 1114112K
  class space    used 3868K, committed 4224K, reserved 1048576K

Card table byte_map: [0x0000017344f40000,0x0000017345350000] _byte_map_base: 0x0000017344b40000

Marking Bits: (ParMarkBitMap*) 0x00007ffca4742460
 Begin Bits: [0x0000017357a50000, 0x0000017359a50000)
 End Bits:   [0x0000017359a50000, 0x000001735ba50000)

Polling page: 0x00000173433d0000

Metaspace:

Usage:
  Non-class:     33.65 MB used.
      Class:      3.78 MB used.
       Both:     37.43 MB used.

Virtual space:
  Non-class space:       64.00 MB reserved,      34.12 MB ( 53%) committed,  1 nodes.
      Class space:        1.00 GB reserved,       4.12 MB ( <1%) committed,  1 nodes.
             Both:        1.06 GB reserved,      38.25 MB (  4%) committed. 

Chunk freelists:
   Non-Class:  13.59 MB
       Class:  11.81 MB
        Both:  25.41 MB

MaxMetaspaceSize: unlimited
CompressedClassSpaceSize: 1.00 GB
Initial GC threshold: 21.00 MB
Current GC threshold: 58.38 MB
CDS: on
 - commit_granule_bytes: 65536.
 - commit_granule_words: 8192.
 - virtual_space_node_default_size: 8388608.
 - enlarge_chunks_in_place: 1.
 - use_allocation_guard: 0.


Internal statistics:

num_allocs_failed_limit: 6.
num_arena_births: 674.
num_arena_deaths: 14.
num_vsnodes_births: 2.
num_vsnodes_deaths: 0.
num_space_committed: 612.
num_space_uncommitted: 0.
num_chunks_returned_to_freelist: 20.
num_chunks_taken_from_freelist: 2208.
num_chunk_merges: 12.
num_chunk_splits: 1429.
num_chunks_enlarged: 922.
num_inconsistent_stats: 0.

CodeHeap 'non-profiled nmethods': size=120000Kb used=2484Kb max_used=2484Kb free=117515Kb
 bounds [0x0000017350270000, 0x0000017350500000, 0x00000173577a0000]
CodeHeap 'profiled nmethods': size=120000Kb used=8904Kb max_used=8904Kb free=111095Kb
 bounds [0x00000173487a0000, 0x00000173490b0000, 0x000001734fcd0000]
CodeHeap 'non-nmethods': size=5760Kb used=1386Kb max_used=1439Kb free=4373Kb
 bounds [0x000001734fcd0000, 0x000001734ff40000, 0x0000017350270000]
CodeCache: size=245760Kb, used=12774Kb, max_used=12827Kb, free=232983Kb
 total_blobs=5127, nmethods=4436, adapters=597, full_count=0
Compilation: enabled, stopped_count=0, restarted_count=0

Compilation events (20 events):
Event: 358.660 Thread 0x00000173620891a0 nmethod 4798 0x000001735034f010 code [0x000001735034f1a0, 0x000001735034f268]
Event: 359.605 Thread 0x00000173620891a0 4799       3       org.eclipse.osgi.framework.eventmgr.CopyOnWriteIdentityMap::empty (4 bytes)
Event: 359.606 Thread 0x00000173620891a0 nmethod 4799 0x0000017348802810 code [0x00000173488029a0, 0x0000017348802a98]
Event: 359.606 Thread 0x00000173620891a0 4800       3       java.util.LinkedHashMap::keySet (5 bytes)
Event: 359.607 Thread 0x00000173620891a0 nmethod 4800 0x000001734882fc90 code [0x000001734882fe40, 0x000001734882ff98]
Event: 359.607 Thread 0x00000173620891a0 4801       3       java.util.LinkedHashMap::sequencedKeySet (31 bytes)
Event: 359.608 Thread 0x00000173620891a0 nmethod 4801 0x00000173487cb710 code [0x00000173487cb8e0, 0x00000173487cbd58]
Event: 359.608 Thread 0x00000173620891a0 4802       3       org.eclipse.osgi.framework.eventmgr.CopyOnWriteIdentityMap::<init> (12 bytes)
Event: 359.608 Thread 0x00000173620891a0 nmethod 4802 0x00000173487cb090 code [0x00000173487cb240, 0x00000173487cb430]
Event: 359.611 Thread 0x00000173620891a0 4806       1       org.eclipse.osgi.internal.serviceregistry.ServiceUse::getLock (5 bytes)
Event: 359.612 Thread 0x00000173620891a0 nmethod 4806 0x000001735034ed10 code [0x000001735034eea0, 0x000001735034ef68]
Event: 359.617 Thread 0x00000173620891a0 4808       3       org.eclipse.osgi.storage.BundleInfo$Generation::getDomain (6 bytes)
Event: 360.621 Thread 0x00000173620891a0 nmethod 4808 0x000001734899ae10 code [0x000001734899afc0, 0x000001734899b100]
Event: 361.628 Thread 0x00000173620891a0 4810       3       org.eclipse.osgi.framework.eventmgr.ListenerQueue::<init> (38 bytes)
Event: 361.629 Thread 0x0000017362770210 4805       4       java.lang.invoke.VarHandle::checkAccessModeThenIsDirect (29 bytes)
Event: 361.630 Thread 0x00000173620891a0 nmethod 4810 0x000001734899a690 code [0x000001734899a860, 0x000001734899ac80]
Event: 361.630 Thread 0x00000173620891a0 4809   !   3       org.eclipse.osgi.storage.BundleInfo$Generation::getDomain (90 bytes)
Event: 361.631 Thread 0x00000173620891a0 nmethod 4809 0x000001734899a190 code [0x000001734899a340, 0x000001734899a590]
Event: 361.633 Thread 0x0000017362770210 nmethod 4805 0x000001735034e890 code [0x000001735034ea20, 0x000001735034eb88]
Event: 361.633 Thread 0x0000017362770210 4807       4       org.eclipse.osgi.container.Module::getCurrentRevision (8 bytes)

GC Heap History (20 events):
Event: 250.422 GC heap before
{Heap before GC invocations=14 (full 1):
 PSYoungGen      total 23552K, used 23522K [0x00000000d5580000, 0x00000000d7500000, 0x0000000100000000)
  eden space 22016K, 100% used [0x00000000d5580000,0x00000000d6b00000,0x00000000d6b00000)
  from space 1536K, 98% used [0x00000000d7000000,0x00000000d7178820,0x00000000d7180000)
  to   space 5120K, 0% used [0x00000000d6b00000,0x00000000d6b00000,0x00000000d7000000)
 ParOldGen       total 68608K, used 18837K [0x0000000080000000, 0x0000000084300000, 0x00000000d5580000)
  object space 68608K, 27% used [0x0000000080000000,0x0000000081265740,0x0000000084300000)
 Metaspace       used 31841K, committed 32704K, reserved 1114112K
  class space    used 3229K, committed 3648K, reserved 1048576K
}
Event: 250.427 GC heap after
{Heap after GC invocations=14 (full 1):
 PSYoungGen      total 24576K, used 2404K [0x00000000d5580000, 0x00000000d7200000, 0x0000000100000000)
  eden space 22016K, 0% used [0x00000000d5580000,0x00000000d5580000,0x00000000d6b00000)
  from space 2560K, 93% used [0x00000000d6b00000,0x00000000d6d59000,0x00000000d6d80000)
  to   space 3584K, 0% used [0x00000000d6e80000,0x00000000d6e80000,0x00000000d7200000)
 ParOldGen       total 68608K, used 20234K [0x0000000080000000, 0x0000000084300000, 0x00000000d5580000)
  object space 68608K, 29% used [0x0000000080000000,0x00000000813c2888,0x0000000084300000)
 Metaspace       used 31841K, committed 32704K, reserved 1114112K
  class space    used 3229K, committed 3648K, reserved 1048576K
}
Event: 250.470 GC heap before
{Heap before GC invocations=15 (full 1):
 PSYoungGen      total 24576K, used 24420K [0x00000000d5580000, 0x00000000d7200000, 0x0000000100000000)
  eden space 22016K, 100% used [0x00000000d5580000,0x00000000d6b00000,0x00000000d6b00000)
  from space 2560K, 93% used [0x00000000d6b00000,0x00000000d6d59000,0x00000000d6d80000)
  to   space 3584K, 0% used [0x00000000d6e80000,0x00000000d6e80000,0x00000000d7200000)
 ParOldGen       total 68608K, used 20234K [0x0000000080000000, 0x0000000084300000, 0x00000000d5580000)
  object space 68608K, 29% used [0x0000000080000000,0x00000000813c2888,0x0000000084300000)
 Metaspace       used 31857K, committed 32768K, reserved 1114112K
  class space    used 3229K, committed 3648K, reserved 1048576K
}
Event: 250.473 GC heap after
{Heap after GC invocations=15 (full 1):
 PSYoungGen      total 24064K, used 1984K [0x00000000d5580000, 0x00000000d7080000, 0x0000000100000000)
  eden space 22016K, 0% used [0x00000000d5580000,0x00000000d5580000,0x00000000d6b00000)
  from space 2048K, 96% used [0x00000000d6e80000,0x00000000d7070000,0x00000000d7080000)
  to   space 2560K, 0% used [0x00000000d6b80000,0x00000000d6b80000,0x00000000d6e00000)
 ParOldGen       total 68608K, used 22402K [0x0000000080000000, 0x0000000084300000, 0x00000000d5580000)
  object space 68608K, 32% used [0x0000000080000000,0x00000000815e0988,0x0000000084300000)
 Metaspace       used 31857K, committed 32768K, reserved 1114112K
  class space    used 3229K, committed 3648K, reserved 1048576K
}
Event: 250.515 GC heap before
{Heap before GC invocations=16 (full 1):
 PSYoungGen      total 24064K, used 24000K [0x00000000d5580000, 0x00000000d7080000, 0x0000000100000000)
  eden space 22016K, 100% used [0x00000000d5580000,0x00000000d6b00000,0x00000000d6b00000)
  from space 2048K, 96% used [0x00000000d6e80000,0x00000000d7070000,0x00000000d7080000)
  to   space 2560K, 0% used [0x00000000d6b80000,0x00000000d6b80000,0x00000000d6e00000)
 ParOldGen       total 68608K, used 22402K [0x0000000080000000, 0x0000000084300000, 0x00000000d5580000)
  object space 68608K, 32% used [0x0000000080000000,0x00000000815e0988,0x0000000084300000)
 Metaspace       used 31904K, committed 32832K, reserved 1114112K
  class space    used 3232K, committed 3648K, reserved 1048576K
}
Event: 250.519 GC heap after
{Heap after GC invocations=16 (full 1):
 PSYoungGen      total 24576K, used 2112K [0x00000000d5580000, 0x00000000d7000000, 0x0000000100000000)
  eden space 22016K, 0% used [0x00000000d5580000,0x00000000d5580000,0x00000000d6b00000)
  from space 2560K, 82% used [0x00000000d6b80000,0x00000000d6d90010,0x00000000d6e00000)
  to   space 2048K, 0% used [0x00000000d6e00000,0x00000000d6e00000,0x00000000d7000000)
 ParOldGen       total 68608K, used 24295K [0x0000000080000000, 0x0000000084300000, 0x00000000d5580000)
  object space 68608K, 35% used [0x0000000080000000,0x00000000817b9eb0,0x0000000084300000)
 Metaspace       used 31904K, committed 32832K, reserved 1114112K
  class space    used 3232K, committed 3648K, reserved 1048576K
}
Event: 250.618 GC heap before
{Heap before GC invocations=17 (full 1):
 PSYoungGen      total 24576K, used 24128K [0x00000000d5580000, 0x00000000d7000000, 0x0000000100000000)
  eden space 22016K, 100% used [0x00000000d5580000,0x00000000d6b00000,0x00000000d6b00000)
  from space 2560K, 82% used [0x00000000d6b80000,0x00000000d6d90010,0x00000000d6e00000)
  to   space 2048K, 0% used [0x00000000d6e00000,0x00000000d6e00000,0x00000000d7000000)
 ParOldGen       total 68608K, used 24295K [0x0000000080000000, 0x0000000084300000, 0x00000000d5580000)
  object space 68608K, 35% used [0x0000000080000000,0x00000000817b9eb0,0x0000000084300000)
 Metaspace       used 32118K, committed 33024K, reserved 1114112K
  class space    used 3248K, committed 3648K, reserved 1048576K
}
Event: 250.623 GC heap after
{Heap after GC invocations=17 (full 1):
 PSYoungGen      total 20480K, used 2048K [0x00000000d5580000, 0x00000000d7800000, 0x0000000100000000)
  eden space 18432K, 0% used [0x00000000d5580000,0x00000000d5580000,0x00000000d6780000)
  from space 2048K, 100% used [0x00000000d6e00000,0x00000000d7000000,0x00000000d7000000)
  to   space 6656K, 0% used [0x00000000d6780000,0x00000000d6780000,0x00000000d6e00000)
 ParOldGen       total 68608K, used 27861K [0x0000000080000000, 0x0000000084300000, 0x00000000d5580000)
  object space 68608K, 40% used [0x0000000080000000,0x0000000081b35418,0x0000000084300000)
 Metaspace       used 32118K, committed 33024K, reserved 1114112K
  class space    used 3248K, committed 3648K, reserved 1048576K
}
Event: 250.956 GC heap before
{Heap before GC invocations=18 (full 1):
 PSYoungGen      total 20480K, used 20480K [0x00000000d5580000, 0x00000000d7800000, 0x0000000100000000)
  eden space 18432K, 100% used [0x00000000d5580000,0x00000000d6780000,0x00000000d6780000)
  from space 2048K, 100% used [0x00000000d6e00000,0x00000000d7000000,0x00000000d7000000)
  to   space 6656K, 0% used [0x00000000d6780000,0x00000000d6780000,0x00000000d6e00000)
 ParOldGen       total 68608K, used 27861K [0x0000000080000000, 0x0000000084300000, 0x00000000d5580000)
  object space 68608K, 40% used [0x0000000080000000,0x0000000081b35418,0x0000000084300000)
 Metaspace       used 34426K, committed 35328K, reserved 1114112K
  class space    used 3503K, committed 3904K, reserved 1048576K
}
Event: 250.960 GC heap after
{Heap after GC invocations=18 (full 1):
 PSYoungGen      total 19968K, used 1268K [0x00000000d5580000, 0x00000000d6e80000, 0x0000000100000000)
  eden space 18432K, 0% used [0x00000000d5580000,0x00000000d5580000,0x00000000d6780000)
  from space 1536K, 82% used [0x00000000d6780000,0x00000000d68bd3c8,0x00000000d6900000)
  to   space 3072K, 0% used [0x00000000d6b80000,0x00000000d6b80000,0x00000000d6e80000)
 ParOldGen       total 68608K, used 29973K [0x0000000080000000, 0x0000000084300000, 0x00000000d5580000)
  object space 68608K, 43% used [0x0000000080000000,0x0000000081d45418,0x0000000084300000)
 Metaspace       used 34426K, committed 35328K, reserved 1114112K
  class space    used 3503K, committed 3904K, reserved 1048576K
}
Event: 251.111 GC heap before
{Heap before GC invocations=19 (full 1):
 PSYoungGen      total 19968K, used 12055K [0x00000000d5580000, 0x00000000d6e80000, 0x0000000100000000)
  eden space 18432K, 58% used [0x00000000d5580000,0x00000000d60088b0,0x00000000d6780000)
  from space 1536K, 82% used [0x00000000d6780000,0x00000000d68bd3c8,0x00000000d6900000)
  to   space 3072K, 0% used [0x00000000d6b80000,0x00000000d6b80000,0x00000000d6e80000)
 ParOldGen       total 68608K, used 29973K [0x0000000080000000, 0x0000000084300000, 0x00000000d5580000)
  object space 68608K, 43% used [0x0000000080000000,0x0000000081d45418,0x0000000084300000)
 Metaspace       used 34972K, committed 35840K, reserved 1114112K
  class space    used 3562K, committed 3968K, reserved 1048576K
}
Event: 251.113 GC heap after
{Heap after GC invocations=19 (full 1):
 PSYoungGen      total 18944K, used 416K [0x00000000d5580000, 0x00000000d6c00000, 0x0000000100000000)
  eden space 18432K, 0% used [0x00000000d5580000,0x00000000d5580000,0x00000000d6780000)
  from space 512K, 81% used [0x00000000d6b80000,0x00000000d6be8000,0x00000000d6c00000)
  to   space 1024K, 0% used [0x00000000d6a00000,0x00000000d6a00000,0x00000000d6b00000)
 ParOldGen       total 68608K, used 31044K [0x0000000080000000, 0x0000000084300000, 0x00000000d5580000)
  object space 68608K, 45% used [0x0000000080000000,0x0000000081e510b0,0x0000000084300000)
 Metaspace       used 34972K, committed 35840K, reserved 1114112K
  class space    used 3562K, committed 3968K, reserved 1048576K
}
Event: 251.113 GC heap before
{Heap before GC invocations=20 (full 2):
 PSYoungGen      total 18944K, used 416K [0x00000000d5580000, 0x00000000d6c00000, 0x0000000100000000)
  eden space 18432K, 0% used [0x00000000d5580000,0x00000000d5580000,0x00000000d6780000)
  from space 512K, 81% used [0x00000000d6b80000,0x00000000d6be8000,0x00000000d6c00000)
  to   space 1024K, 0% used [0x00000000d6a00000,0x00000000d6a00000,0x00000000d6b00000)
 ParOldGen       total 68608K, used 31044K [0x0000000080000000, 0x0000000084300000, 0x00000000d5580000)
  object space 68608K, 45% used [0x0000000080000000,0x0000000081e510b0,0x0000000084300000)
 Metaspace       used 34972K, committed 35840K, reserved 1114112K
  class space    used 3562K, committed 3968K, reserved 1048576K
}
Event: 251.155 GC heap after
{Heap after GC invocations=20 (full 2):
 PSYoungGen      total 18944K, used 0K [0x00000000d5580000, 0x00000000d6c00000, 0x0000000100000000)
  eden space 18432K, 0% used [0x00000000d5580000,0x00000000d5580000,0x00000000d6780000)
  from space 512K, 0% used [0x00000000d6b80000,0x00000000d6b80000,0x00000000d6c00000)
  to   space 1024K, 0% used [0x00000000d6a00000,0x00000000d6a00000,0x00000000d6b00000)
 ParOldGen       total 68608K, used 29746K [0x0000000080000000, 0x0000000084300000, 0x00000000d5580000)
  object space 68608K, 43% used [0x0000000080000000,0x0000000081d0ca30,0x0000000084300000)
 Metaspace       used 34972K, committed 35840K, reserved 1114112K
  class space    used 3562K, committed 3968K, reserved 1048576K
}
Event: 251.334 GC heap before
{Heap before GC invocations=21 (full 2):
 PSYoungGen      total 18944K, used 18432K [0x00000000d5580000, 0x00000000d6c00000, 0x0000000100000000)
  eden space 18432K, 100% used [0x00000000d5580000,0x00000000d6780000,0x00000000d6780000)
  from space 512K, 0% used [0x00000000d6b80000,0x00000000d6b80000,0x00000000d6c00000)
  to   space 1024K, 0% used [0x00000000d6a00000,0x00000000d6a00000,0x00000000d6b00000)
 ParOldGen       total 68608K, used 29746K [0x0000000080000000, 0x0000000084300000, 0x00000000d5580000)
  object space 68608K, 43% used [0x0000000080000000,0x0000000081d0ca30,0x0000000084300000)
 Metaspace       used 36279K, committed 37184K, reserved 1114112K
  class space    used 3665K, committed 4096K, reserved 1048576K
}
Event: 251.335 GC heap after
{Heap after GC invocations=21 (full 2):
 PSYoungGen      total 19456K, used 992K [0x00000000d5580000, 0x00000000d6c00000, 0x0000000100000000)
  eden space 18432K, 0% used [0x00000000d5580000,0x00000000d5580000,0x00000000d6780000)
  from space 1024K, 96% used [0x00000000d6a00000,0x00000000d6af8188,0x00000000d6b00000)
  to   space 1024K, 0% used [0x00000000d6b00000,0x00000000d6b00000,0x00000000d6c00000)
 ParOldGen       total 68608K, used 30196K [0x0000000080000000, 0x0000000084300000, 0x00000000d5580000)
  object space 68608K, 44% used [0x0000000080000000,0x0000000081d7d1f0,0x0000000084300000)
 Metaspace       used 36279K, committed 37184K, reserved 1114112K
  class space    used 3665K, committed 4096K, reserved 1048576K
}
Event: 251.386 GC heap before
{Heap before GC invocations=22 (full 2):
 PSYoungGen      total 19456K, used 19359K [0x00000000d5580000, 0x00000000d6c00000, 0x0000000100000000)
  eden space 18432K, 99% used [0x00000000d5580000,0x00000000d676fa80,0x00000000d6780000)
  from space 1024K, 96% used [0x00000000d6a00000,0x00000000d6af8188,0x00000000d6b00000)
  to   space 1024K, 0% used [0x00000000d6b00000,0x00000000d6b00000,0x00000000d6c00000)
 ParOldGen       total 68608K, used 30196K [0x0000000080000000, 0x0000000084300000, 0x00000000d5580000)
  object space 68608K, 44% used [0x0000000080000000,0x0000000081d7d1f0,0x0000000084300000)
 Metaspace       used 36333K, committed 37248K, reserved 1114112K
  class space    used 3665K, committed 4096K, reserved 1048576K
}
Event: 251.387 GC heap after
{Heap after GC invocations=22 (full 2):
 PSYoungGen      total 18944K, used 365K [0x00000000d5580000, 0x00000000d6b80000, 0x0000000100000000)
  eden space 18432K, 0% used [0x00000000d5580000,0x00000000d5580000,0x00000000d6780000)
  from space 512K, 71% used [0x00000000d6b00000,0x00000000d6b5b6c8,0x00000000d6b80000)
  to   space 1024K, 0% used [0x00000000d6980000,0x00000000d6980000,0x00000000d6a80000)
 ParOldGen       total 68608K, used 31017K [0x0000000080000000, 0x0000000084300000, 0x00000000d5580000)
  object space 68608K, 45% used [0x0000000080000000,0x0000000081e4a458,0x0000000084300000)
 Metaspace       used 36333K, committed 37248K, reserved 1114112K
  class space    used 3665K, committed 4096K, reserved 1048576K
}
Event: 251.526 GC heap before
{Heap before GC invocations=23 (full 2):
 PSYoungGen      total 18944K, used 18797K [0x00000000d5580000, 0x00000000d6b80000, 0x0000000100000000)
  eden space 18432K, 100% used [0x00000000d5580000,0x00000000d6780000,0x00000000d6780000)
  from space 512K, 71% used [0x00000000d6b00000,0x00000000d6b5b6c8,0x00000000d6b80000)
  to   space 1024K, 0% used [0x00000000d6980000,0x00000000d6980000,0x00000000d6a80000)
 ParOldGen       total 68608K, used 31017K [0x0000000080000000, 0x0000000084300000, 0x00000000d5580000)
  object space 68608K, 45% used [0x0000000080000000,0x0000000081e4a458,0x0000000084300000)
 Metaspace       used 37642K, committed 38528K, reserved 1114112K
  class space    used 3780K, committed 4224K, reserved 1048576K
}
Event: 251.528 GC heap after
{Heap after GC invocations=23 (full 2):
 PSYoungGen      total 19456K, used 288K [0x00000000d5580000, 0x00000000d6b80000, 0x0000000100000000)
  eden space 18432K, 0% used [0x00000000d5580000,0x00000000d5580000,0x00000000d6780000)
  from space 1024K, 28% used [0x00000000d6980000,0x00000000d69c8000,0x00000000d6a80000)
  to   space 512K, 0% used [0x00000000d6b00000,0x00000000d6b00000,0x00000000d6b80000)
 ParOldGen       total 68608K, used 31105K [0x0000000080000000, 0x0000000084300000, 0x00000000d5580000)
  object space 68608K, 45% used [0x0000000080000000,0x0000000081e60458,0x0000000084300000)
 Metaspace       used 37642K, committed 38528K, reserved 1114112K
  class space    used 3780K, committed 4224K, reserved 1048576K
}

Dll operation events (10 events):
Event: 0.019 Loaded shared library c:\Users\PMLS\.vscode\extensions\redhat.java-1.50.0-win32-x64\jre\21.0.9-win32-x86_64\bin\java.dll
Event: 0.228 Loaded shared library c:\Users\PMLS\.vscode\extensions\redhat.java-1.50.0-win32-x64\jre\21.0.9-win32-x86_64\bin\zip.dll
Event: 0.266 Loaded shared library C:\Users\PMLS\.vscode\extensions\redhat.java-1.50.0-win32-x64\jre\21.0.9-win32-x86_64\bin\instrument.dll
Event: 0.274 Loaded shared library C:\Users\PMLS\.vscode\extensions\redhat.java-1.50.0-win32-x64\jre\21.0.9-win32-x86_64\bin\net.dll
Event: 0.277 Loaded shared library C:\Users\PMLS\.vscode\extensions\redhat.java-1.50.0-win32-x64\jre\21.0.9-win32-x86_64\bin\nio.dll
Event: 0.280 Loaded shared library C:\Users\PMLS\.vscode\extensions\redhat.java-1.50.0-win32-x64\jre\21.0.9-win32-x86_64\bin\zip.dll
Event: 0.435 Loaded shared library C:\Users\PMLS\.vscode\extensions\redhat.java-1.50.0-win32-x64\jre\21.0.9-win32-x86_64\bin\jimage.dll
Event: 0.620 Loaded shared library c:\Users\PMLS\.vscode\extensions\redhat.java-1.50.0-win32-x64\jre\21.0.9-win32-x86_64\bin\verify.dll
Event: 18.475 Loaded shared library C:\Users\PMLS\AppData\Roaming\Code\User\globalStorage\redhat.java\1.50.0\config_ss_win\org.eclipse.equinox.launcher\org.eclipse.equinox.launcher.win32.win32.x86_64_1.2.1400.v20250801-0854\eclipse_11916.dll
Event: 26.121 Loaded shared library C:\Users\PMLS\AppData\Local\Temp\jna--636715465\jna5654533443115643869.dll

Deoptimization events (20 events):
Event: 357.485 Thread 0x0000017363755670 DEOPT PACKING pc=0x0000017350449a6c sp=0x0000001b6bcfe480
Event: 357.485 Thread 0x0000017363755670 DEOPT UNPACKING pc=0x000001734fd23aa2 sp=0x0000001b6bcfe438 mode 2
Event: 357.485 Thread 0x0000017363755670 Uncommon trap: trap_request=0xffffffde fr.pc=0x0000017350449a6c relative=0x000000000000070c
Event: 357.485 Thread 0x0000017363755670 Uncommon trap: reason=class_check action=maybe_recompile pc=0x0000017350449a6c method=java.util.Spliterators$1Adapter.hasNext()Z @ 12 c2
Event: 357.485 Thread 0x0000017363755670 DEOPT PACKING pc=0x0000017350449a6c sp=0x0000001b6bcfe480
Event: 357.485 Thread 0x0000017363755670 DEOPT UNPACKING pc=0x000001734fd23aa2 sp=0x0000001b6bcfe438 mode 2
Event: 357.513 Thread 0x0000017363755670 Uncommon trap: trap_request=0xffffffde fr.pc=0x0000017350305498 relative=0x00000000000006d8
Event: 357.513 Thread 0x0000017363755670 Uncommon trap: reason=class_check action=maybe_recompile pc=0x0000017350305498 method=java.util.HashMap.computeIfAbsent(Ljava/lang/Object;Ljava/util/function/Function;)Ljava/lang/Object; @ 188 c2
Event: 357.513 Thread 0x0000017363755670 DEOPT PACKING pc=0x0000017350305498 sp=0x0000001b6bcfea70
Event: 357.513 Thread 0x0000017363755670 DEOPT UNPACKING pc=0x000001734fd23aa2 sp=0x0000001b6bcfea18 mode 2
Event: 357.517 Thread 0x0000017363755670 Uncommon trap: trap_request=0xffffff45 fr.pc=0x00000173503e7348 relative=0x00000000000001a8
Event: 357.517 Thread 0x0000017363755670 Uncommon trap: reason=unstable_if action=reinterpret pc=0x00000173503e7348 method=jdk.internal.org.objectweb.asm.Frame.push(I)V @ 26 c2
Event: 357.517 Thread 0x0000017363755670 DEOPT PACKING pc=0x00000173503e7348 sp=0x0000001b6bcfd280
Event: 357.517 Thread 0x0000017363755670 DEOPT UNPACKING pc=0x000001734fd23aa2 sp=0x0000001b6bcfd208 mode 2
Event: 358.577 Thread 0x0000017363756a20 Uncommon trap: trap_request=0xffffffde fr.pc=0x0000017350449a6c relative=0x000000000000070c
Event: 358.577 Thread 0x0000017363756a20 Uncommon trap: reason=class_check action=maybe_recompile pc=0x0000017350449a6c method=java.util.Spliterators$1Adapter.hasNext()Z @ 12 c2
Event: 358.577 Thread 0x0000017363756a20 DEOPT PACKING pc=0x0000017350449a6c sp=0x0000001b6a7fe160
Event: 358.577 Thread 0x0000017363756a20 DEOPT UNPACKING pc=0x000001734fd23aa2 sp=0x0000001b6a7fe118 mode 2
Event: 358.579 Thread 0x0000017363756a20 DEOPT PACKING pc=0x0000017348c197be sp=0x0000001b6a7fdef0
Event: 358.579 Thread 0x0000017363756a20 DEOPT UNPACKING pc=0x000001734fd24242 sp=0x0000001b6a7fd430 mode 0

Classes loaded (20 events):
Event: 357.474 Loading class java/util/concurrent/Executors$DelegatedExecutorService done
Event: 357.474 Loading class java/util/concurrent/Executors$DelegatedScheduledExecutorService done
Event: 357.493 Loading class java/util/concurrent/ConcurrentHashMap$EntrySpliterator
Event: 357.494 Loading class java/util/concurrent/ConcurrentHashMap$EntrySpliterator done
Event: 357.499 Loading class java/util/concurrent/ForkJoinTask$AdaptedCallable
Event: 357.499 Loading class java/util/concurrent/ForkJoinTask$AdaptedCallable done
Event: 357.501 Loading class java/util/stream/Nodes$CollectorTask$OfRef
Event: 357.501 Loading class java/util/stream/Nodes$CollectorTask
Event: 357.502 Loading class java/util/stream/Nodes$CollectorTask done
Event: 357.502 Loading class java/util/stream/Nodes$CollectorTask$OfRef done
Event: 357.502 Loading class java/util/function/LongFunction
Event: 357.502 Loading class java/util/function/LongFunction done
Event: 357.502 Loading class java/util/stream/Nodes$ConcNode
Event: 357.502 Loading class java/util/stream/Nodes$AbstractConcNode
Event: 357.502 Loading class java/util/stream/Nodes$AbstractConcNode done
Event: 357.502 Loading class java/util/stream/Nodes$ConcNode done
Event: 358.582 Loading class java/util/Hashtable$KeySet
Event: 358.582 Loading class java/util/Hashtable$KeySet done
Event: 358.596 Loading class javax/security/auth/login/Configuration
Event: 358.596 Loading class javax/security/auth/login/Configuration done

Classes unloaded (7 events):
Event: 26.596 Thread 0x0000017345534960 Unloading class 0x0000017301190c00 'java/lang/invoke/LambdaForm$MH+0x0000017301190c00'
Event: 26.596 Thread 0x0000017345534960 Unloading class 0x0000017301190800 'java/lang/invoke/LambdaForm$MH+0x0000017301190800'
Event: 26.596 Thread 0x0000017345534960 Unloading class 0x0000017301190400 'java/lang/invoke/LambdaForm$MH+0x0000017301190400'
Event: 26.596 Thread 0x0000017345534960 Unloading class 0x0000017301190000 'java/lang/invoke/LambdaForm$MH+0x0000017301190000'
Event: 26.596 Thread 0x0000017345534960 Unloading class 0x000001730118fc00 'java/lang/invoke/LambdaForm$BMH+0x000001730118fc00'
Event: 26.596 Thread 0x0000017345534960 Unloading class 0x000001730118f800 'java/lang/invoke/LambdaForm$DMH+0x000001730118f800'
Event: 26.596 Thread 0x0000017345534960 Unloading class 0x000001730118e400 'java/lang/invoke/LambdaForm$DMH+0x000001730118e400'

Classes redefined (0 events):
No events

Internal exceptions (20 events):
Event: 250.173 Thread 0x00000173637535a0 Exception <a 'java/lang/NoSuchMethodError'{0x00000000d6326920}: 'int java.lang.invoke.DirectMethodHandle$Holder.invokeStatic(java.lang.Object, long)'> (0x00000000d6326920) 
thrown [s\src\hotspot\share\interpreter\linkResolver.cpp, line 773]
Event: 250.175 Thread 0x00000173637535a0 Exception <a 'java/lang/NoSuchMethodError'{0x00000000d63460f0}: 'int java.lang.invoke.Invokers$Holder.linkToTargetMethod(java.lang.Object, java.lang.Object)'> (0x00000000d63460f0) 
thrown [s\src\hotspot\share\interpreter\linkResolver.cpp, line 773]
Event: 250.689 Thread 0x00000173637535a0 Exception <a 'java/lang/NoSuchMethodError'{0x00000000d57f9e78}: 'int java.lang.invoke.Invokers$Holder.invokeExact_MT(java.lang.Object, java.lang.Object)'> (0x00000000d57f9e78) 
thrown [s\src\hotspot\share\interpreter\linkResolver.cpp, line 773]
Event: 250.882 Thread 0x00000173637535a0 Exception <a 'java/lang/NoClassDefFoundError'{0x00000000d625b260}: org/eclipse/jdt/core/dom/Name> (0x00000000d625b260) 
thrown [s\src\hotspot\share\classfile\systemDictionary.cpp, line 301]
Event: 250.882 Thread 0x00000173637535a0 Exception <a 'java/lang/NullPointerException'{0x00000000d625b800}> (0x00000000d625b800) 
thrown [s\src\hotspot\share\interpreter\linkResolver.cpp, line 1372]
Event: 251.241 Thread 0x00000173637535a0 Implicit null exception at 0x000001735041019d to 0x0000017350410ca4
Event: 252.770 Thread 0x00000173637535a0 Exception <a 'java/lang/NullPointerException'{0x00000000d5639730}> (0x00000000d5639730) 
thrown [s\src\hotspot\share\interpreter\linkResolver.cpp, line 1372]
Event: 327.234 Thread 0x00000173637535a0 Exception <a 'java/lang/NullPointerException'{0x00000000d56ecc88}> (0x00000000d56ecc88) 
thrown [s\src\hotspot\share\interpreter\linkResolver.cpp, line 1372]
Event: 344.500 Thread 0x0000017363752f10 Exception <a 'java/lang/ClassNotFoundException'{0x00000000d57abde0}: sun/util/logging/resources/spi/loggingProvider> (0x00000000d57abde0) 
thrown [s\src\hotspot\share\classfile\systemDictionary.cpp, line 312]
Event: 357.509 Thread 0x0000017363755670 Exception <a 'java/io/FileNotFoundException'{0x00000000d59328e8}> (0x00000000d59328e8) 
thrown [s\src\hotspot\share\prims\jni.cpp, line 520]
Event: 357.518 Thread 0x0000017363755670 Exception <a 'java/lang/NoSuchMethodError'{0x00000000d59777c8}: 'java.lang.Object java.lang.invoke.DirectMethodHandle$Holder.newInvokeSpecial(java.lang.Object, java.lang.Object, java.lang.Object, java.lang.Object, java.lang.Object, java.lang.Object, java.lang.Object, java.lang.Object, java.lang.Object, java.lang.Object)'> (0x00000000d59777c8) 
thrown [s\src\hotspot\share\interpreter\linkResolver.cpp, line 773]
Event: 357.531 Thread 0x0000017363755670 Exception <a 'sun/nio/fs/WindowsException'{0x00000000d59ff3c0}> (0x00000000d59ff3c0) 
thrown [s\src\hotspot\share\prims\jni.cpp, line 520]
Event: 358.575 Thread 0x0000017363756a20 Exception <a 'sun/nio/fs/WindowsException'{0x00000000d5a92540}> (0x00000000d5a92540) 
thrown [s\src\hotspot\share\prims\jni.cpp, line 520]
Event: 358.575 Thread 0x0000017363756a20 Exception <a 'sun/nio/fs/WindowsException'{0x00000000d5a92db0}> (0x00000000d5a92db0) 
thrown [s\src\hotspot\share\prims\jni.cpp, line 520]
Event: 358.576 Thread 0x0000017363756a20 Exception <a 'sun/nio/fs/WindowsException'{0x00000000d5a939a8}> (0x00000000d5a939a8) 
thrown [s\src\hotspot\share\prims\jni.cpp, line 520]
Event: 358.576 Thread 0x0000017363756a20 Exception <a 'sun/nio/fs/WindowsException'{0x00000000d5a93fd8}> (0x00000000d5a93fd8) 
thrown [s\src\hotspot\share\prims\jni.cpp, line 520]
Event: 358.576 Thread 0x0000017363756a20 Exception <a 'sun/nio/fs/WindowsException'{0x00000000d5a94950}> (0x00000000d5a94950) 
thrown [s\src\hotspot\share\prims\jni.cpp, line 520]
Event: 358.576 Thread 0x0000017363756a20 Exception <a 'sun/nio/fs/WindowsException'{0x00000000d5a94f80}> (0x00000000d5a94f80) 
thrown [s\src\hotspot\share\prims\jni.cpp, line 520]
Event: 358.583 Thread 0x0000017363756a20 Exception <a 'java/io/FileNotFoundException'{0x00000000d5ad8c18}> (0x00000000d5ad8c18) 
thrown [s\src\hotspot\share\prims\jni.cpp, line 520]
Event: 358.583 Thread 0x0000017363756a20 Exception <a 'java/io/FileNotFoundException'{0x00000000d5ad9c30}> (0x00000000d5ad9c30) 
thrown [s\src\hotspot\share\prims\jni.cpp, line 520]

ZGC Phase Switch (0 events):
No events

VM Operations (20 events):
Event: 252.542 Executing VM operation: Cleanup
Event: 252.542 Executing VM operation: Cleanup done
Event: 253.556 Executing VM operation: Cleanup
Event: 253.556 Executing VM operation: Cleanup done
Event: 300.789 Executing VM operation: HandshakeAllThreads (HandshakeForDeflation)
Event: 300.789 Executing VM operation: HandshakeAllThreads (HandshakeForDeflation) done
Event: 300.789 Executing VM operation: RendezvousGCThreads
Event: 300.789 Executing VM operation: RendezvousGCThreads done
Event: 327.817 Executing VM operation: Cleanup
Event: 327.817 Executing VM operation: Cleanup done
Event: 344.940 Executing VM operation: Cleanup
Event: 344.940 Executing VM operation: Cleanup done
Event: 358.016 Executing VM operation: Cleanup
Event: 358.016 Executing VM operation: Cleanup done
Event: 359.026 Executing VM operation: Cleanup
Event: 359.602 Executing VM operation: Cleanup done
Event: 361.036 Executing VM operation: HandshakeAllThreads (HandshakeForDeflation)
Event: 361.643 Executing VM operation: HandshakeAllThreads (HandshakeForDeflation) done
Event: 361.643 Executing VM operation: RendezvousGCThreads
Event: 361.643 Executing VM operation: RendezvousGCThreads done

Memory protections (0 events):
No events

Nmethod flushes (20 events):
Event: 251.130 Thread 0x0000017345534960 flushing  nmethod 0x0000017348ae3d10
Event: 251.130 Thread 0x0000017345534960 flushing  nmethod 0x0000017348af8a90
Event: 251.130 Thread 0x0000017345534960 flushing  nmethod 0x0000017348af9d10
Event: 251.130 Thread 0x0000017345534960 flushing  nmethod 0x0000017348afda10
Event: 251.130 Thread 0x0000017345534960 flushing  nmethod 0x0000017348b39f10
Event: 251.130 Thread 0x0000017345534960 flushing  nmethod 0x0000017348bb4310
Event: 251.130 Thread 0x0000017345534960 flushing  nmethod 0x0000017348bb4790
Event: 251.130 Thread 0x0000017345534960 flushing  nmethod 0x0000017348bb7690
Event: 251.130 Thread 0x0000017345534960 flushing  nmethod 0x0000017348befe10
Event: 251.130 Thread 0x0000017345534960 flushing  nmethod 0x0000017348bf0810
Event: 251.130 Thread 0x0000017345534960 flushing  nmethod 0x0000017348bf5590
Event: 251.130 Thread 0x0000017345534960 flushing  nmethod 0x0000017348bff210
Event: 251.130 Thread 0x0000017345534960 flushing  nmethod 0x0000017348c2f010
Event: 251.130 Thread 0x0000017345534960 flushing  nmethod 0x0000017348c5d490
Event: 251.130 Thread 0x0000017345534960 flushing  nmethod 0x0000017348c5d890
Event: 251.130 Thread 0x0000017345534960 flushing  nmethod 0x0000017348c5dc90
Event: 251.130 Thread 0x0000017345534960 flushing  nmethod 0x0000017348c66210
Event: 251.130 Thread 0x0000017345534960 flushing  nmethod 0x0000017348c75210
Event: 251.130 Thread 0x0000017345534960 flushing  nmethod 0x0000017348c75c90
Event: 251.130 Thread 0x0000017345534960 flushing  nmethod 0x0000017348c7a790

Events (20 events):
Event: 27.384 Thread 0x000001734559dd90 Thread added: 0x00000173637535a0
Event: 27.384 Thread 0x000001734559dd90 Thread added: 0x0000017363752f10
Event: 27.415 Thread 0x0000017362d9f800 Thread added: 0x0000017363755670
Event: 27.416 Thread 0x0000017362d9f800 Thread added: 0x0000017363752880
Event: 28.424 Thread 0x0000017362f4fc60 Thread exited: 0x0000017362f4fc60
Event: 28.424 Thread 0x0000017362770210 Thread exited: 0x0000017362770210
Event: 88.426 Thread 0x0000017363752880 Thread exited: 0x0000017363752880
Event: 88.442 Thread 0x0000017362ea4b80 Thread exited: 0x0000017362ea4b80
Event: 250.111 Thread 0x00000173620891a0 Thread added: 0x0000017362770210
Event: 250.240 Thread 0x00000173620891a0 Thread added: 0x0000017363168f40
Event: 252.760 Thread 0x0000017363168f40 Thread exited: 0x0000017363168f40
Event: 257.403 Thread 0x0000017362770210 Thread exited: 0x0000017362770210
Event: 357.475 Thread 0x0000017363755d00 Thread added: 0x0000017363756390
Event: 357.497 Thread 0x0000017362d9f800 Thread added: 0x0000017363757dd0
Event: 357.500 Thread 0x0000017363755670 Thread added: 0x00000173637570b0
Event: 357.503 Thread 0x00000173637570b0 Thread exited: 0x00000173637570b0
Event: 357.520 Thread 0x0000017363755670 Thread added: 0x0000017363759180
Event: 357.525 Thread 0x0000017363759180 Thread exited: 0x0000017363759180
Event: 358.564 Thread 0x000001734559dd90 Thread added: 0x0000017363756a20
Event: 361.628 Thread 0x00000173620891a0 Thread added: 0x0000017362770210


Dynamic libraries:
0x00007ff70a060000 - 0x00007ff70a06e000 	c:\Users\PMLS\.vscode\extensions\redhat.java-1.50.0-win32-x64\jre\21.0.9-win32-x86_64\bin\java.exe
0x00007ffd1c500000 - 0x00007ffd1c768000 	C:\WINDOWS\SYSTEM32\ntdll.dll
0x00007ffd1ad60000 - 0x00007ffd1ae29000 	C:\WINDOWS\System32\KERNEL32.DLL
0x00007ffd19d30000 - 0x00007ffd1a128000 	C:\WINDOWS\System32\KERNELBASE.dll
0x00007ffd19be0000 - 0x00007ffd19d2b000 	C:\WINDOWS\System32\ucrtbase.dll
0x00007ffcfd880000 - 0x00007ffcfd89e000 	c:\Users\PMLS\.vscode\extensions\redhat.java-1.50.0-win32-x64\jre\21.0.9-win32-x86_64\bin\VCRUNTIME140.dll
0x00007ffcfd860000 - 0x00007ffcfd878000 	c:\Users\PMLS\.vscode\extensions\redhat.java-1.50.0-win32-x64\jre\21.0.9-win32-x86_64\bin\jli.dll
0x00007ffd1c000000 - 0x00007ffd1c1c7000 	C:\WINDOWS\System32\USER32.dll
0x00007ffcfbbd0000 - 0x00007ffcfbe64000 	C:\WINDOWS\WinSxS\amd64_microsoft.windows.common-controls_6595b64144ccf1df_6.0.26100.7019_none_3e06ffa0e335b8a8\COMCTL32.dll
0x00007ffd1a130000 - 0x00007ffd1a157000 	C:\WINDOWS\System32\win32u.dll
0x00007ffd1c1d0000 - 0x00007ffd1c279000 	C:\WINDOWS\System32\msvcrt.dll
0x00007ffd1c290000 - 0x00007ffd1c2bb000 	C:\WINDOWS\System32\GDI32.dll
0x00007ffd19940000 - 0x00007ffd19a6c000 	C:\WINDOWS\System32\gdi32full.dll
0x00007ffd1a1f0000 - 0x00007ffd1a293000 	C:\WINDOWS\System32\msvcp_win.dll
0x00007ffd1b020000 - 0x00007ffd1b051000 	C:\WINDOWS\System32\IMM32.DLL
0x00007ffd10030000 - 0x00007ffd1003c000 	c:\Users\PMLS\.vscode\extensions\redhat.java-1.50.0-win32-x64\jre\21.0.9-win32-x86_64\bin\vcruntime140_1.dll
0x00007ffcf8040000 - 0x00007ffcf80cd000 	c:\Users\PMLS\.vscode\extensions\redhat.java-1.50.0-win32-x64\jre\21.0.9-win32-x86_64\bin\msvcp140.dll
0x00007ffca3a80000 - 0x00007ffca4820000 	c:\Users\PMLS\.vscode\extensions\redhat.java-1.50.0-win32-x64\jre\21.0.9-win32-x86_64\bin\server\jvm.dll
0x00007ffd1a9a0000 - 0x00007ffd1aa54000 	C:\WINDOWS\System32\ADVAPI32.dll
0x00007ffd1c410000 - 0x00007ffd1c4b6000 	C:\WINDOWS\System32\sechost.dll
0x00007ffd1b540000 - 0x00007ffd1b658000 	C:\WINDOWS\System32\RPCRT4.dll
0x00007ffd1bea0000 - 0x00007ffd1bf14000 	C:\WINDOWS\System32\WS2_32.dll
0x00007ffd194d0000 - 0x00007ffd1952e000 	C:\WINDOWS\SYSTEM32\POWRPROF.dll
0x00007ffd0ec00000 - 0x00007ffd0ec0b000 	C:\WINDOWS\SYSTEM32\VERSION.dll
0x00007ffd0ec10000 - 0x00007ffd0ec45000 	C:\WINDOWS\SYSTEM32\WINMM.dll
0x00007ffd194b0000 - 0x00007ffd194c4000 	C:\WINDOWS\SYSTEM32\UMPDC.dll
0x00007ffd18330000 - 0x00007ffd1834b000 	C:\WINDOWS\SYSTEM32\kernel.appcore.dll
0x00007ffd068d0000 - 0x00007ffd068da000 	c:\Users\PMLS\.vscode\extensions\redhat.java-1.50.0-win32-x64\jre\21.0.9-win32-x86_64\bin\jimage.dll
0x00007ffd16d30000 - 0x00007ffd16f72000 	C:\WINDOWS\SYSTEM32\DBGHELP.DLL
0x00007ffd1b060000 - 0x00007ffd1b3eb000 	C:\WINDOWS\System32\combase.dll
0x00007ffd1bf20000 - 0x00007ffd1bff7000 	C:\WINDOWS\System32\OLEAUT32.dll
0x00007ffcd71f0000 - 0x00007ffcd722c000 	C:\WINDOWS\SYSTEM32\dbgcore.DLL
0x00007ffd19b30000 - 0x00007ffd19bd5000 	C:\WINDOWS\System32\bcryptPrimitives.dll
0x00007ffd101f0000 - 0x00007ffd101ff000 	c:\Users\PMLS\.vscode\extensions\redhat.java-1.50.0-win32-x64\jre\21.0.9-win32-x86_64\bin\instrument.dll
0x00007ffcf8020000 - 0x00007ffcf8040000 	c:\Users\PMLS\.vscode\extensions\redhat.java-1.50.0-win32-x64\jre\21.0.9-win32-x86_64\bin\java.dll
0x00007ffd1b680000 - 0x00007ffd1bdcf000 	C:\WINDOWS\System32\SHELL32.dll
0x00007ffd19650000 - 0x00007ffd197bb000 	C:\WINDOWS\System32\wintypes.dll
0x00007ffd17230000 - 0x00007ffd17a8d000 	C:\WINDOWS\SYSTEM32\windows.storage.dll
0x00007ffd1ac60000 - 0x00007ffd1ad52000 	C:\WINDOWS\System32\SHCORE.dll
0x00007ffd1b470000 - 0x00007ffd1b4d7000 	C:\WINDOWS\System32\shlwapi.dll
0x00007ffd19570000 - 0x00007ffd19599000 	C:\WINDOWS\SYSTEM32\profapi.dll
0x00007ffcea8d0000 - 0x00007ffcea8e8000 	c:\Users\PMLS\.vscode\extensions\redhat.java-1.50.0-win32-x64\jre\21.0.9-win32-x86_64\bin\zip.dll
0x00007ffd06440000 - 0x00007ffd06450000 	C:\Users\PMLS\.vscode\extensions\redhat.java-1.50.0-win32-x64\jre\21.0.9-win32-x86_64\bin\net.dll
0x00007ffd0ee10000 - 0x00007ffd0ef38000 	C:\WINDOWS\SYSTEM32\WINHTTP.dll
0x00007ffd18920000 - 0x00007ffd1898b000 	C:\WINDOWS\system32\mswsock.dll
0x00007ffcd8070000 - 0x00007ffcd8086000 	C:\Users\PMLS\.vscode\extensions\redhat.java-1.50.0-win32-x64\jre\21.0.9-win32-x86_64\bin\nio.dll
0x00007ffd101e0000 - 0x00007ffd101f0000 	c:\Users\PMLS\.vscode\extensions\redhat.java-1.50.0-win32-x64\jre\21.0.9-win32-x86_64\bin\verify.dll
0x00007ffd06ff0000 - 0x00007ffd07034000 	C:\Users\PMLS\AppData\Roaming\Code\User\globalStorage\redhat.java\1.50.0\config_ss_win\org.eclipse.equinox.launcher\org.eclipse.equinox.launcher.win32.win32.x86_64_1.2.1400.v20250801-0854\eclipse_11916.dll
0x00007ffd1ae60000 - 0x00007ffd1aff7000 	C:\WINDOWS\System32\ole32.dll
0x00007ffd18d10000 - 0x00007ffd18d2b000 	C:\WINDOWS\SYSTEM32\CRYPTSP.dll
0x00007ffd18350000 - 0x00007ffd1838a000 	C:\WINDOWS\system32\rsaenh.dll
0x00007ffd189d0000 - 0x00007ffd189fb000 	C:\WINDOWS\SYSTEM32\USERENV.dll
0x00007ffd19540000 - 0x00007ffd1956a000 	C:\WINDOWS\SYSTEM32\bcrypt.dll
0x00007ffd18cf0000 - 0x00007ffd18cfc000 	C:\WINDOWS\SYSTEM32\CRYPTBASE.dll
0x00007ffd17e70000 - 0x00007ffd17ea4000 	C:\WINDOWS\SYSTEM32\IPHLPAPI.DLL
0x00007ffd1abd0000 - 0x00007ffd1abda000 	C:\WINDOWS\System32\NSI.dll
0x00007ffd06220000 - 0x00007ffd06269000 	C:\Users\PMLS\AppData\Local\Temp\jna--636715465\jna5654533443115643869.dll
0x00007ffd1b670000 - 0x00007ffd1b678000 	C:\WINDOWS\System32\PSAPI.DLL
0x00007ffd102b0000 - 0x00007ffd102ce000 	C:\WINDOWS\SYSTEM32\dhcpcsvc6.DLL
0x00007ffd10000000 - 0x00007ffd10023000 	C:\WINDOWS\SYSTEM32\dhcpcsvc.DLL
0x00007ffd184f0000 - 0x00007ffd18526000 	C:\WINDOWS\SYSTEM32\ntmarta.dll

JVMTI agents:
c:\Users\PMLS\.vscode\extensions\redhat.java-1.50.0-win32-x64\lombok\lombok-1.18.39-4050.jar path:c:\Users\PMLS\.vscode\extensions\redhat.java-1.50.0-win32-x64\jre\21.0.9-win32-x86_64\bin\instrument.dll, loaded, initialized, instrumentlib options:none

dbghelp: loaded successfully - version: 4.0.5 - missing functions: none
symbol engine: initialized successfully - sym options: 0x614 - pdb path: .;c:\Users\PMLS\.vscode\extensions\redhat.java-1.50.0-win32-x64\jre\21.0.9-win32-x86_64\bin;C:\WINDOWS\SYSTEM32;C:\WINDOWS\WinSxS\amd64_microsoft.windows.common-controls_6595b64144ccf1df_6.0.26100.7019_none_3e06ffa0e335b8a8;c:\Users\PMLS\.vscode\extensions\redhat.java-1.50.0-win32-x64\jre\21.0.9-win32-x86_64\bin\server;C:\Users\PMLS\AppData\Roaming\Code\User\globalStorage\redhat.java\1.50.0\config_ss_win\org.eclipse.equinox.launcher\org.eclipse.equinox.launcher.win32.win32.x86_64_1.2.1400.v20250801-0854;C:\Users\PMLS\AppData\Local\Temp\jna--636715465

VM Arguments:
jvm_args: --add-modules=ALL-SYSTEM --add-opens=java.base/java.util=ALL-UNNAMED --add-opens=java.base/java.lang=ALL-UNNAMED --add-opens=java.base/sun.nio.fs=ALL-UNNAMED -Declipse.application=org.eclipse.jdt.ls.core.id1 -Dosgi.bundles.defaultStartLevel=4 -Declipse.product=org.eclipse.jdt.ls.core.product -Djava.import.generatesMetadataFilesAtProjectRoot=false -DDetectVMInstallationsJob.disabled=true -Dfile.encoding=utf8 -XX:+UseParallelGC -XX:GCTimeRatio=4 -XX:AdaptiveSizePolicyWeight=90 -Dsun.zip.disableMemoryMapping=true -Xmx2G -Xms100m -Xlog:disable -javaagent:c:\Users\PMLS\.vscode\extensions\redhat.java-1.50.0-win32-x64\lombok\lombok-1.18.39-4050.jar 
java_command: c:\Users\PMLS\.vscode\extensions\redhat.java-1.50.0-win32-x64\server\plugins\org.eclipse.equinox.launcher_1.7.100.v20251111-0406.jar -configuration c:\Users\PMLS\AppData\Roaming\Code\User\globalStorage\redhat.java\1.50.0\config_ss_win -data c:\Users\PMLS\AppData\Roaming\Code\User\workspaceStorage\7947e04c10c4d7256db6ba00224ee892\redhat.java\ss_ws --pipe=\\.\pipe\lsp-52a908b05d9c92b21ba7df27a8f6d3e3-sock
java_class_path (initial): c:\Users\PMLS\.vscode\extensions\redhat.java-1.50.0-win32-x64\server\plugins\org.eclipse.equinox.launcher_1.7.100.v20251111-0406.jar
Launcher Type: SUN_STANDARD

[Global flags]
    uintx AdaptiveSizePolicyWeight                 = 90                                        {product} {command line}
     intx CICompilerCount                          = 4                                         {product} {ergonomic}
    uintx GCTimeRatio                              = 4                                         {product} {command line}
   size_t InitialHeapSize                          = 104857600                                 {product} {command line}
   size_t MaxHeapSize                              = 2147483648                                {product} {command line}
   size_t MaxNewSize                               = 715653120                                 {product} {ergonomic}
   size_t MinHeapDeltaBytes                        = 524288                                    {product} {ergonomic}
   size_t MinHeapSize                              = 104857600                                 {product} {command line}
   size_t NewSize                                  = 34603008                                  {product} {ergonomic}
    uintx NonNMethodCodeHeapSize                   = 5839372                                {pd product} {ergonomic}
    uintx NonProfiledCodeHeapSize                  = 122909434                              {pd product} {ergonomic}
   size_t OldSize                                  = 70254592                                  {product} {ergonomic}
    uintx ProfiledCodeHeapSize                     = 122909434                              {pd product} {ergonomic}
    uintx ReservedCodeCacheSize                    = 251658240                              {pd product} {ergonomic}
     bool SegmentedCodeCache                       = true                                      {product} {ergonomic}
   size_t SoftMaxHeapSize                          = 2147483648                             {manageable} {ergonomic}
     bool UseCompressedOops                        = true                           {product lp64_product} {ergonomic}
     bool UseLargePagesIndividualAllocation        = false                                  {pd product} {ergonomic}
     bool UseParallelGC                            = true                                      {product} {command line}

Logging:
Log output configuration:
 #0: stdout all=off uptime,level,tags foldmultilines=false
 #1: stderr all=off uptime,level,tags foldmultilines=false

Release file:
JAVA_VERSION="21.0.9" 
MODULES="java.base java.compiler java.datatransfer java.xml java.prefs java.desktop java.instrument java.logging java.management java.security.sasl java.naming java.rmi java.management.rmi java.net.http java.scripting java.security.jgss java.transaction.xa java.sql java.sql.rowset java.xml.crypto java.se java.smartcardio jdk.accessibility jdk.internal.jvmstat jdk.attach jdk.charsets jdk.internal.opt jdk.zipfs jdk.compiler jdk.crypto.ec jdk.crypto.cryptoki jdk.crypto.mscapi jdk.dynalink jdk.internal.ed jdk.editpad jdk.hotspot.agent jdk.httpserver jdk.internal.le jdk.internal.vm.ci jdk.internal.vm.compiler jdk.internal.vm.compiler.management jdk.jartool jdk.javadoc jdk.jcmd jdk.management jdk.management.agent jdk.jconsole jdk.jdeps jdk.jdwp.agent jdk.jdi jdk.jfr jdk.jshell jdk.jsobject jdk.jstatd jdk.localedata jdk.management.jfr jdk.naming.dns jdk.naming.rmi jdk.net jdk.nio.mapmode jdk.random jdk.sctp jdk.security.auth jdk.security.jgss jdk.unsupported jdk.unsupported.desktop jdk.xml.dom" 

Environment Variables:
JAVA_HOME=C:\Program Files\Java\jdk-21
PATH=C:\Python313\Scripts\;C:\Python313\;C:\Users\PMLS\Downloads\chromedriver_win32;C:\Program Files\Common Files\Oracle\Java\javapath;C:\oracle19c\dbhome\bin;C:\WINDOWS\system32;C:\WINDOWS;C:\WINDOWS\System32\Wbem;C:\WINDOWS\System32\WindowsPowerShell\v1.0\;C:\WINDOWS\System32\OpenSSH\;C:\Program Files\Java\jdk-21;C:\ProgramData\chocolatey\bin;C:\Users\PMLS\AppData\Roaming\Python\Python313\Scripts;C:\Program Files\Java\jdk-21\bin;C:\Program Files\Git\cmd;C:\flutter\bin;C:\flutter;C:\Program Files\nodejs\;C:\Users\PMLS\AppData\Local\Programs\Python\Python310\Scripts;C:\Users\PMLS\AppData\Local\Microsoft\WindowsApps;C:\Users\PMLS\AppData\Local\Programs\Microsoft VS Code\bin;C:\Program Files\Java\jdk-21\bin;C:\tools\dart-sdk\bin;C:\Users\PMLS\AppData\Local\Pub\Cache\bin;C:\flutter\bin;C:\Program Files\JetBrains\IntelliJ IDEA 2025.2\bin;C:\Users\PMLS\AppData\Roaming\npm
USERNAME=Nayab Zahra
OS=Windows_NT
PROCESSOR_IDENTIFIER=Intel64 Family 6 Model 154 Stepping 4, GenuineIntel
TMP=C:\Users\PMLS\AppData\Local\Temp
TEMP=C:\Users\PMLS\AppData\Local\Temp




Periodic native trim disabled

---------------  S Y S T E M  ---------------

OS:
 Windows 11 , 64 bit Build 26100 (10.0.26100.7019)
OS uptime: 17 days 3:34 hours
Hyper-V role detected

CPU: total 12 (initial active 12) (6 cores per cpu, 2 threads per core) family 6 model 154 stepping 4 microcode 0x424, cx8, cmov, fxsr, ht, mmx, 3dnowpref, sse, sse2, sse3, ssse3, sse4.1, sse4.2, popcnt, lzcnt, tsc, tscinvbit, avx, avx2, aes, erms, clmul, bmi1, bmi2, adx, sha, fma, vzeroupper, clflush, clflushopt, clwb, hv, serialize, rdtscp, rdpid, fsrm, f16c, cet_ibt, cet_ss
Processor Information for processor 0
  Max Mhz: 1300, Current Mhz: 1300, Mhz Limit: 1300
Processor Information for processor 1
  Max Mhz: 1300, Current Mhz: 1300, Mhz Limit: 1300
Processor Information for processor 2
  Max Mhz: 1300, Current Mhz: 1300, Mhz Limit: 1300
Processor Information for processor 3
  Max Mhz: 1300, Current Mhz: 1300, Mhz Limit: 1300
Processor Information for processor 4
  Max Mhz: 900, Current Mhz: 900, Mhz Limit: 900
Processor Information for processor 5
  Max Mhz: 900, Current Mhz: 900, Mhz Limit: 900
Processor Information for processor 6
  Max Mhz: 900, Current Mhz: 900, Mhz Limit: 900
Processor Information for processor 7
  Max Mhz: 900, Current Mhz: 900, Mhz Limit: 900
Processor Information for processor 8
  Max Mhz: 900, Current Mhz: 900, Mhz Limit: 900
Processor Information for processor 9
  Max Mhz: 900, Current Mhz: 900, Mhz Limit: 900
Processor Information for processor 10
  Max Mhz: 900, Current Mhz: 900, Mhz Limit: 900
Processor Information for processor 11
  Max Mhz: 900, Current Mhz: 900, Mhz Limit: 900

Memory: 4k page, system-wide physical 7916M (1004M free)
TotalPageFile size 32492M (AvailPageFile size 208M)
current process WorkingSet (physical memory assigned to process): 161M, peak: 211M
current process commit charge ("private bytes"): 289M, peak: 326M

vm_info: OpenJDK 64-Bit Server VM (21.0.9+10-LTS) for windows-amd64 JRE (21.0.9+10-LTS), built on 2025-10-21T00:00:00Z by "admin" with unknown MS VC++:1942

END.
